[0.091s] DEBUG:colcon:Command line arguments: ['/usr/bin/colcon', 'build', '--symlink-install']
[0.092s] DEBUG:colcon:Parsed command line arguments: Namespace(log_base=None, log_level=None, verb_name='build', build_base='build', install_base='install', merge_install=False, symlink_install=True, test_result_base=None, continue_on_error=False, executor='parallel', parallel_workers=12, event_handlers=None, ignore_user_meta=False, metas=['./colcon.meta'], base_paths=['.'], packages_ignore=None, packages_ignore_regex=None, paths=None, packages_up_to=None, packages_up_to_regex=None, packages_above=None, packages_above_and_dependencies=None, packages_above_depth=None, packages_select_by_dep=None, packages_skip_by_dep=None, packages_skip_up_to=None, packages_select_build_failed=False, packages_skip_build_finished=False, packages_select_test_failures=False, packages_skip_test_passed=False, packages_select=None, packages_skip=None, packages_select_regex=None, packages_skip_regex=None, packages_start=None, packages_end=None, cmake_args=None, cmake_target=None, cmake_target_skip_unavailable=False, cmake_clean_cache=False, cmake_clean_first=False, cmake_force_configure=False, ament_cmake_args=None, catkin_cmake_args=None, catkin_skip_building_tests=False, mixin_files=None, mixin=None, verb_parser=<colcon_mixin.mixin.mixin_argument.MixinArgumentDecorator object at 0x7d98378c3430>, verb_extension=<colcon_core.verb.build.BuildVerb object at 0x7d98378c2e60>, main=<bound method BuildVerb.main of <colcon_core.verb.build.BuildVerb object at 0x7d98378c2e60>>, mixin_verb=('build',))
[0.212s] Level 1:colcon.colcon_core.package_discovery:discover_packages(colcon_meta) check parameters
[0.213s] INFO:colcon.colcon_metadata.package_discovery.colcon_meta:Using configuration from '/root/.colcon/metadata/default/Gazebo.meta'
[0.213s] INFO:colcon.colcon_metadata.package_discovery.colcon_meta:Using configuration from '/root/.colcon/metadata/default/fastdds.meta'
[0.214s] INFO:colcon.colcon_metadata.package_discovery.colcon_meta:Using configuration from '/root/.colcon/metadata/default/fastrtps.meta'
[0.214s] Level 1:colcon.colcon_core.package_discovery:discover_packages(recursive) check parameters
[0.214s] Level 1:colcon.colcon_core.package_discovery:discover_packages(ignore) check parameters
[0.214s] Level 1:colcon.colcon_core.package_discovery:discover_packages(path) check parameters
[0.214s] Level 1:colcon.colcon_core.package_discovery:discover_packages(colcon_meta) discover
[0.214s] Level 1:colcon.colcon_core.package_discovery:discover_packages(recursive) discover
[0.214s] INFO:colcon.colcon_core.package_discovery:Crawling recursively for packages in '/root/taller1/ros2_ws'
[0.214s] Level 1:colcon.colcon_core.package_identification:_identify(.) by extensions ['ignore', 'ignore_ament_install']
[0.214s] Level 1:colcon.colcon_core.package_identification:_identify(.) by extension 'ignore'
[0.214s] Level 1:colcon.colcon_core.package_identification:_identify(.) by extension 'ignore_ament_install'
[0.214s] Level 1:colcon.colcon_core.package_identification:_identify(.) by extensions ['colcon_pkg']
[0.214s] Level 1:colcon.colcon_core.package_identification:_identify(.) by extension 'colcon_pkg'
[0.214s] Level 1:colcon.colcon_core.package_identification:_identify(.) by extensions ['colcon_meta']
[0.214s] Level 1:colcon.colcon_core.package_identification:_identify(.) by extension 'colcon_meta'
[0.214s] Level 1:colcon.colcon_core.package_identification:_identify(.) by extensions ['ros']
[0.214s] Level 1:colcon.colcon_core.package_identification:_identify(.) by extension 'ros'
[0.223s] Level 1:colcon.colcon_core.package_identification:_identify(.) by extensions ['cmake', 'python']
[0.224s] Level 1:colcon.colcon_core.package_identification:_identify(.) by extension 'cmake'
[0.224s] Level 1:colcon.colcon_core.package_identification:_identify(.) by extension 'python'
[0.224s] Level 1:colcon.colcon_core.package_identification:_identify(.) by extensions ['python_setup_py']
[0.224s] Level 1:colcon.colcon_core.package_identification:_identify(.) by extension 'python_setup_py'
[0.224s] Level 1:colcon.colcon_core.package_identification:_identify(build) by extensions ['ignore', 'ignore_ament_install']
[0.224s] Level 1:colcon.colcon_core.package_identification:_identify(build) by extension 'ignore'
[0.224s] Level 1:colcon.colcon_core.package_identification:_identify(build) ignored
[0.224s] Level 1:colcon.colcon_core.package_identification:_identify(install) by extensions ['ignore', 'ignore_ament_install']
[0.224s] Level 1:colcon.colcon_core.package_identification:_identify(install) by extension 'ignore'
[0.224s] Level 1:colcon.colcon_core.package_identification:_identify(install) ignored
[0.224s] Level 1:colcon.colcon_core.package_identification:_identify(log) by extensions ['ignore', 'ignore_ament_install']
[0.224s] Level 1:colcon.colcon_core.package_identification:_identify(log) by extension 'ignore'
[0.224s] Level 1:colcon.colcon_core.package_identification:_identify(log) ignored
[0.224s] Level 1:colcon.colcon_core.package_identification:_identify(src) by extensions ['ignore', 'ignore_ament_install']
[0.224s] Level 1:colcon.colcon_core.package_identification:_identify(src) by extension 'ignore'
[0.224s] Level 1:colcon.colcon_core.package_identification:_identify(src) by extension 'ignore_ament_install'
[0.225s] Level 1:colcon.colcon_core.package_identification:_identify(src) by extensions ['colcon_pkg']
[0.225s] Level 1:colcon.colcon_core.package_identification:_identify(src) by extension 'colcon_pkg'
[0.225s] Level 1:colcon.colcon_core.package_identification:_identify(src) by extensions ['colcon_meta']
[0.225s] Level 1:colcon.colcon_core.package_identification:_identify(src) by extension 'colcon_meta'
[0.225s] Level 1:colcon.colcon_core.package_identification:_identify(src) by extensions ['ros']
[0.225s] Level 1:colcon.colcon_core.package_identification:_identify(src) by extension 'ros'
[0.225s] Level 1:colcon.colcon_core.package_identification:_identify(src) by extensions ['cmake', 'python']
[0.225s] Level 1:colcon.colcon_core.package_identification:_identify(src) by extension 'cmake'
[0.225s] Level 1:colcon.colcon_core.package_identification:_identify(src) by extension 'python'
[0.225s] Level 1:colcon.colcon_core.package_identification:_identify(src) by extensions ['python_setup_py']
[0.225s] Level 1:colcon.colcon_core.package_identification:_identify(src) by extension 'python_setup_py'
[0.225s] Level 1:colcon.colcon_core.package_identification:_identify(src/kuka_kr6_support) by extensions ['ignore', 'ignore_ament_install']
[0.225s] Level 1:colcon.colcon_core.package_identification:_identify(src/kuka_kr6_support) by extension 'ignore'
[0.225s] Level 1:colcon.colcon_core.package_identification:_identify(src/kuka_kr6_support) by extension 'ignore_ament_install'
[0.225s] Level 1:colcon.colcon_core.package_identification:_identify(src/kuka_kr6_support) by extensions ['colcon_pkg']
[0.225s] Level 1:colcon.colcon_core.package_identification:_identify(src/kuka_kr6_support) by extension 'colcon_pkg'
[0.225s] Level 1:colcon.colcon_core.package_identification:_identify(src/kuka_kr6_support) by extensions ['colcon_meta']
[0.225s] Level 1:colcon.colcon_core.package_identification:_identify(src/kuka_kr6_support) by extension 'colcon_meta'
[0.225s] Level 1:colcon.colcon_core.package_identification:_identify(src/kuka_kr6_support) by extensions ['ros']
[0.225s] Level 1:colcon.colcon_core.package_identification:_identify(src/kuka_kr6_support) by extension 'ros'
[0.227s] DEBUG:colcon.colcon_core.package_identification:Package 'src/kuka_kr6_support' with type 'ros.ament_cmake' and name 'kuka_kr6_support'
[0.227s] Level 1:colcon.colcon_core.package_identification:_identify(src/kuka_resources) by extensions ['ignore', 'ignore_ament_install']
[0.227s] Level 1:colcon.colcon_core.package_identification:_identify(src/kuka_resources) by extension 'ignore'
[0.227s] Level 1:colcon.colcon_core.package_identification:_identify(src/kuka_resources) by extension 'ignore_ament_install'
[0.227s] Level 1:colcon.colcon_core.package_identification:_identify(src/kuka_resources) by extensions ['colcon_pkg']
[0.227s] Level 1:colcon.colcon_core.package_identification:_identify(src/kuka_resources) by extension 'colcon_pkg'
[0.227s] Level 1:colcon.colcon_core.package_identification:_identify(src/kuka_resources) by extensions ['colcon_meta']
[0.227s] Level 1:colcon.colcon_core.package_identification:_identify(src/kuka_resources) by extension 'colcon_meta'
[0.228s] Level 1:colcon.colcon_core.package_identification:_identify(src/kuka_resources) by extensions ['ros']
[0.228s] Level 1:colcon.colcon_core.package_identification:_identify(src/kuka_resources) by extension 'ros'
[0.228s] DEBUG:colcon.colcon_core.package_identification:Package 'src/kuka_resources' with type 'ros.ament_cmake' and name 'kuka_resources'
[0.228s] Level 1:colcon.colcon_core.package_discovery:discover_packages(recursive) using defaults
[0.228s] Level 1:colcon.colcon_core.package_discovery:discover_packages(ignore) discover
[0.228s] Level 1:colcon.colcon_core.package_discovery:discover_packages(ignore) using defaults
[0.228s] Level 1:colcon.colcon_core.package_discovery:discover_packages(path) discover
[0.228s] Level 1:colcon.colcon_core.package_discovery:discover_packages(path) using defaults
[0.244s] Level 5:colcon.colcon_core.verb:set package 'kuka_kr6_support' build argument 'cmake_args' from command line to 'None'
[0.244s] Level 5:colcon.colcon_core.verb:set package 'kuka_kr6_support' build argument 'cmake_target' from command line to 'None'
[0.244s] Level 5:colcon.colcon_core.verb:set package 'kuka_kr6_support' build argument 'cmake_target_skip_unavailable' from command line to 'False'
[0.244s] Level 5:colcon.colcon_core.verb:set package 'kuka_kr6_support' build argument 'cmake_clean_cache' from command line to 'False'
[0.244s] Level 5:colcon.colcon_core.verb:set package 'kuka_kr6_support' build argument 'cmake_clean_first' from command line to 'False'
[0.244s] Level 5:colcon.colcon_core.verb:set package 'kuka_kr6_support' build argument 'cmake_force_configure' from command line to 'False'
[0.244s] Level 5:colcon.colcon_core.verb:set package 'kuka_kr6_support' build argument 'ament_cmake_args' from command line to 'None'
[0.244s] Level 5:colcon.colcon_core.verb:set package 'kuka_kr6_support' build argument 'catkin_cmake_args' from command line to 'None'
[0.244s] Level 5:colcon.colcon_core.verb:set package 'kuka_kr6_support' build argument 'catkin_skip_building_tests' from command line to 'False'
[0.244s] DEBUG:colcon.colcon_core.verb:Building package 'kuka_kr6_support' with the following arguments: {'ament_cmake_args': None, 'build_base': '/root/taller1/ros2_ws/build/kuka_kr6_support', 'catkin_cmake_args': None, 'catkin_skip_building_tests': False, 'cmake_args': None, 'cmake_clean_cache': False, 'cmake_clean_first': False, 'cmake_force_configure': False, 'cmake_target': None, 'cmake_target_skip_unavailable': False, 'install_base': '/root/taller1/ros2_ws/install/kuka_kr6_support', 'merge_install': False, 'path': '/root/taller1/ros2_ws/src/kuka_kr6_support', 'symlink_install': True, 'test_result_base': None}
[0.244s] Level 5:colcon.colcon_core.verb:set package 'kuka_resources' build argument 'cmake_args' from command line to 'None'
[0.244s] Level 5:colcon.colcon_core.verb:set package 'kuka_resources' build argument 'cmake_target' from command line to 'None'
[0.244s] Level 5:colcon.colcon_core.verb:set package 'kuka_resources' build argument 'cmake_target_skip_unavailable' from command line to 'False'
[0.245s] Level 5:colcon.colcon_core.verb:set package 'kuka_resources' build argument 'cmake_clean_cache' from command line to 'False'
[0.245s] Level 5:colcon.colcon_core.verb:set package 'kuka_resources' build argument 'cmake_clean_first' from command line to 'False'
[0.245s] Level 5:colcon.colcon_core.verb:set package 'kuka_resources' build argument 'cmake_force_configure' from command line to 'False'
[0.245s] Level 5:colcon.colcon_core.verb:set package 'kuka_resources' build argument 'ament_cmake_args' from command line to 'None'
[0.245s] Level 5:colcon.colcon_core.verb:set package 'kuka_resources' build argument 'catkin_cmake_args' from command line to 'None'
[0.245s] Level 5:colcon.colcon_core.verb:set package 'kuka_resources' build argument 'catkin_skip_building_tests' from command line to 'False'
[0.245s] DEBUG:colcon.colcon_core.verb:Building package 'kuka_resources' with the following arguments: {'ament_cmake_args': None, 'build_base': '/root/taller1/ros2_ws/build/kuka_resources', 'catkin_cmake_args': None, 'catkin_skip_building_tests': False, 'cmake_args': None, 'cmake_clean_cache': False, 'cmake_clean_first': False, 'cmake_force_configure': False, 'cmake_target': None, 'cmake_target_skip_unavailable': False, 'install_base': '/root/taller1/ros2_ws/install/kuka_resources', 'merge_install': False, 'path': '/root/taller1/ros2_ws/src/kuka_resources', 'symlink_install': True, 'test_result_base': None}
[0.245s] INFO:colcon.colcon_core.executor:Executing jobs using 'parallel' executor
[0.246s] DEBUG:colcon.colcon_parallel_executor.executor.parallel:run_until_complete
[0.246s] INFO:colcon.colcon_ros.task.ament_cmake.build:Building ROS package in '/root/taller1/ros2_ws/src/kuka_kr6_support' with build type 'ament_cmake'
[0.246s] INFO:colcon.colcon_cmake.task.cmake.build:Building CMake package in '/root/taller1/ros2_ws/src/kuka_kr6_support'
[0.249s] INFO:colcon.colcon_core.plugin_system:Skipping extension 'colcon_core.shell.bat': Not used on non-Windows systems
[0.249s] INFO:colcon.colcon_core.shell:Skip shell extension 'powershell' for command environment: Not usable outside of PowerShell
[0.249s] DEBUG:colcon.colcon_core.shell:Skip shell extension 'dsv' for command environment
[0.250s] WARNING:colcon.colcon_ros.prefix_path.ament:The path '/root/taller1/ros2_ws/install/kuka_kr6_support' in the environment variable AMENT_PREFIX_PATH doesn't exist
[0.251s] WARNING:colcon.colcon_ros.prefix_path.catkin:The path '/root/taller1/ros2_ws/install/kuka_kr6_support' in the environment variable CMAKE_PREFIX_PATH doesn't exist
[0.255s] INFO:colcon.colcon_ros.task.ament_cmake.build:Building ROS package in '/root/taller1/ros2_ws/src/kuka_resources' with build type 'ament_cmake'
[0.255s] INFO:colcon.colcon_cmake.task.cmake.build:Building CMake package in '/root/taller1/ros2_ws/src/kuka_resources'
[0.256s] INFO:colcon.colcon_core.shell:Skip shell extension 'powershell' for command environment: Not usable outside of PowerShell
[0.256s] DEBUG:colcon.colcon_core.shell:Skip shell extension 'dsv' for command environment
[0.266s] DEBUG:colcon.colcon_core.event_handler.log_command:Invoking command in '/root/taller1/ros2_ws/build/kuka_kr6_support': CMAKE_PREFIX_PATH=${CMAKE_PREFIX_PATH}:/opt/ros/humble /usr/bin/cmake /root/taller1/ros2_ws/src/kuka_kr6_support -DAMENT_CMAKE_SYMLINK_INSTALL=1 -DCMAKE_INSTALL_PREFIX=/root/taller1/ros2_ws/install/kuka_kr6_support
[0.268s] DEBUG:colcon.colcon_core.event_handler.log_command:Invoking command in '/root/taller1/ros2_ws/build/kuka_resources': CMAKE_PREFIX_PATH=${CMAKE_PREFIX_PATH}:/opt/ros/humble /usr/bin/cmake /root/taller1/ros2_ws/src/kuka_resources -DAMENT_CMAKE_SYMLINK_INSTALL=1 -DCMAKE_INSTALL_PREFIX=/root/taller1/ros2_ws/install/kuka_resources
[0.823s] DEBUG:colcon.colcon_core.event_handler.log_command:Invoked command in '/root/taller1/ros2_ws/build/kuka_kr6_support' returned '0': CMAKE_PREFIX_PATH=${CMAKE_PREFIX_PATH}:/opt/ros/humble /usr/bin/cmake /root/taller1/ros2_ws/src/kuka_kr6_support -DAMENT_CMAKE_SYMLINK_INSTALL=1 -DCMAKE_INSTALL_PREFIX=/root/taller1/ros2_ws/install/kuka_kr6_support
[0.825s] DEBUG:colcon.colcon_core.event_handler.log_command:Invoking command in '/root/taller1/ros2_ws/build/kuka_kr6_support': CMAKE_PREFIX_PATH=${CMAKE_PREFIX_PATH}:/opt/ros/humble /usr/bin/cmake --build /root/taller1/ros2_ws/build/kuka_kr6_support -- -j12 -l12
[0.826s] DEBUG:colcon.colcon_core.event_handler.log_command:Invoked command in '/root/taller1/ros2_ws/build/kuka_resources' returned '0': CMAKE_PREFIX_PATH=${CMAKE_PREFIX_PATH}:/opt/ros/humble /usr/bin/cmake /root/taller1/ros2_ws/src/kuka_resources -DAMENT_CMAKE_SYMLINK_INSTALL=1 -DCMAKE_INSTALL_PREFIX=/root/taller1/ros2_ws/install/kuka_resources
[0.826s] DEBUG:colcon.colcon_core.event_handler.log_command:Invoking command in '/root/taller1/ros2_ws/build/kuka_resources': CMAKE_PREFIX_PATH=${CMAKE_PREFIX_PATH}:/opt/ros/humble /usr/bin/cmake --build /root/taller1/ros2_ws/build/kuka_resources -- -j12 -l12
[0.864s] DEBUG:colcon.colcon_core.event_handler.log_command:Invoked command in '/root/taller1/ros2_ws/build/kuka_resources' returned '0': CMAKE_PREFIX_PATH=${CMAKE_PREFIX_PATH}:/opt/ros/humble /usr/bin/cmake --build /root/taller1/ros2_ws/build/kuka_resources -- -j12 -l12
[0.876s] DEBUG:colcon.colcon_core.event_handler.log_command:Invoking command in '/root/taller1/ros2_ws/build/kuka_resources': CMAKE_PREFIX_PATH=${CMAKE_PREFIX_PATH}:/opt/ros/humble /usr/bin/cmake --install /root/taller1/ros2_ws/build/kuka_resources
[0.877s] DEBUG:colcon.colcon_core.event_handler.log_command:Invoked command in '/root/taller1/ros2_ws/build/kuka_kr6_support' returned '0': CMAKE_PREFIX_PATH=${CMAKE_PREFIX_PATH}:/opt/ros/humble /usr/bin/cmake --build /root/taller1/ros2_ws/build/kuka_kr6_support -- -j12 -l12
[0.878s] DEBUG:colcon.colcon_core.event_handler.log_command:Invoking command in '/root/taller1/ros2_ws/build/kuka_kr6_support': CMAKE_PREFIX_PATH=${CMAKE_PREFIX_PATH}:/opt/ros/humble /usr/bin/cmake --install /root/taller1/ros2_ws/build/kuka_kr6_support
[1.054s] Level 1:colcon.colcon_core.environment:create_environment_scripts_only(kuka_resources)
[1.055s] DEBUG:colcon.colcon_core.event_handler.log_command:Invoked command in '/root/taller1/ros2_ws/build/kuka_resources' returned '0': CMAKE_PREFIX_PATH=${CMAKE_PREFIX_PATH}:/opt/ros/humble /usr/bin/cmake --install /root/taller1/ros2_ws/build/kuka_resources
[1.057s] Level 1:colcon.colcon_core.environment:checking '/root/taller1/ros2_ws/install/kuka_resources' for CMake module files
[1.057s] Level 1:colcon.colcon_core.environment:checking '/root/taller1/ros2_ws/install/kuka_resources' for CMake config files
[1.058s] Level 1:colcon.colcon_core.shell:create_environment_hook('kuka_resources', 'cmake_prefix_path')
[1.058s] INFO:colcon.colcon_core.shell:Creating environment hook '/root/taller1/ros2_ws/install/kuka_resources/share/kuka_resources/hook/cmake_prefix_path.ps1'
[1.058s] INFO:colcon.colcon_core.shell:Creating environment descriptor '/root/taller1/ros2_ws/install/kuka_resources/share/kuka_resources/hook/cmake_prefix_path.dsv'
[1.059s] INFO:colcon.colcon_core.shell:Creating environment hook '/root/taller1/ros2_ws/install/kuka_resources/share/kuka_resources/hook/cmake_prefix_path.sh'
[1.059s] Level 1:colcon.colcon_core.environment:checking '/root/taller1/ros2_ws/install/kuka_resources/bin'
[1.059s] Level 1:colcon.colcon_core.environment:checking '/root/taller1/ros2_ws/install/kuka_resources/lib/pkgconfig/kuka_resources.pc'
[1.061s] Level 1:colcon.colcon_core.environment:checking '/root/taller1/ros2_ws/install/kuka_resources/lib/python3.10/site-packages'
[1.061s] Level 1:colcon.colcon_core.environment:checking '/root/taller1/ros2_ws/install/kuka_resources/bin'
[1.062s] INFO:colcon.colcon_core.shell:Creating package script '/root/taller1/ros2_ws/install/kuka_resources/share/kuka_resources/package.ps1'
[1.063s] INFO:colcon.colcon_core.shell:Creating package descriptor '/root/taller1/ros2_ws/install/kuka_resources/share/kuka_resources/package.dsv'
[1.063s] INFO:colcon.colcon_core.shell:Creating package script '/root/taller1/ros2_ws/install/kuka_resources/share/kuka_resources/package.sh'
[1.064s] INFO:colcon.colcon_core.shell:Creating package script '/root/taller1/ros2_ws/install/kuka_resources/share/kuka_resources/package.bash'
[1.064s] INFO:colcon.colcon_core.shell:Creating package script '/root/taller1/ros2_ws/install/kuka_resources/share/kuka_resources/package.zsh'
[1.065s] Level 1:colcon.colcon_core.environment:create_file_with_runtime_dependencies(/root/taller1/ros2_ws/install/kuka_resources/share/colcon-core/packages/kuka_resources)
[1.065s] Level 1:colcon.colcon_core.environment:create_environment_scripts_only(kuka_resources)
[1.065s] Level 1:colcon.colcon_core.environment:checking '/root/taller1/ros2_ws/install/kuka_resources' for CMake module files
[1.066s] Level 1:colcon.colcon_core.environment:checking '/root/taller1/ros2_ws/install/kuka_resources' for CMake config files
[1.066s] Level 1:colcon.colcon_core.shell:create_environment_hook('kuka_resources', 'cmake_prefix_path')
[1.066s] INFO:colcon.colcon_core.shell:Creating environment hook '/root/taller1/ros2_ws/install/kuka_resources/share/kuka_resources/hook/cmake_prefix_path.ps1'
[1.066s] INFO:colcon.colcon_core.shell:Creating environment descriptor '/root/taller1/ros2_ws/install/kuka_resources/share/kuka_resources/hook/cmake_prefix_path.dsv'
[1.067s] INFO:colcon.colcon_core.shell:Creating environment hook '/root/taller1/ros2_ws/install/kuka_resources/share/kuka_resources/hook/cmake_prefix_path.sh'
[1.067s] Level 1:colcon.colcon_core.environment:checking '/root/taller1/ros2_ws/install/kuka_resources/bin'
[1.067s] Level 1:colcon.colcon_core.environment:checking '/root/taller1/ros2_ws/install/kuka_resources/lib/pkgconfig/kuka_resources.pc'
[1.067s] Level 1:colcon.colcon_core.environment:checking '/root/taller1/ros2_ws/install/kuka_resources/lib/python3.10/site-packages'
[1.068s] Level 1:colcon.colcon_core.environment:checking '/root/taller1/ros2_ws/install/kuka_resources/bin'
[1.068s] INFO:colcon.colcon_core.shell:Creating package script '/root/taller1/ros2_ws/install/kuka_resources/share/kuka_resources/package.ps1'
[1.068s] INFO:colcon.colcon_core.shell:Creating package descriptor '/root/taller1/ros2_ws/install/kuka_resources/share/kuka_resources/package.dsv'
[1.069s] INFO:colcon.colcon_core.shell:Creating package script '/root/taller1/ros2_ws/install/kuka_resources/share/kuka_resources/package.sh'
[1.069s] INFO:colcon.colcon_core.shell:Creating package script '/root/taller1/ros2_ws/install/kuka_resources/share/kuka_resources/package.bash'
[1.069s] INFO:colcon.colcon_core.shell:Creating package script '/root/taller1/ros2_ws/install/kuka_resources/share/kuka_resources/package.zsh'
[1.070s] Level 1:colcon.colcon_core.environment:create_file_with_runtime_dependencies(/root/taller1/ros2_ws/install/kuka_resources/share/colcon-core/packages/kuka_resources)
[1.303s] Level 1:colcon.colcon_core.environment:create_environment_scripts_only(kuka_kr6_support)
[1.304s] Level 1:colcon.colcon_core.environment:checking '/root/taller1/ros2_ws/install/kuka_kr6_support' for CMake module files
[1.304s] DEBUG:colcon.colcon_core.event_handler.log_command:Invoked command in '/root/taller1/ros2_ws/build/kuka_kr6_support' returned '0': CMAKE_PREFIX_PATH=${CMAKE_PREFIX_PATH}:/opt/ros/humble /usr/bin/cmake --install /root/taller1/ros2_ws/build/kuka_kr6_support
[1.304s] Level 1:colcon.colcon_core.environment:checking '/root/taller1/ros2_ws/install/kuka_kr6_support' for CMake config files
[1.305s] Level 1:colcon.colcon_core.shell:create_environment_hook('kuka_kr6_support', 'cmake_prefix_path')
[1.305s] INFO:colcon.colcon_core.shell:Creating environment hook '/root/taller1/ros2_ws/install/kuka_kr6_support/share/kuka_kr6_support/hook/cmake_prefix_path.ps1'
[1.305s] INFO:colcon.colcon_core.shell:Creating environment descriptor '/root/taller1/ros2_ws/install/kuka_kr6_support/share/kuka_kr6_support/hook/cmake_prefix_path.dsv'
[1.306s] INFO:colcon.colcon_core.shell:Creating environment hook '/root/taller1/ros2_ws/install/kuka_kr6_support/share/kuka_kr6_support/hook/cmake_prefix_path.sh'
[1.306s] Level 1:colcon.colcon_core.environment:checking '/root/taller1/ros2_ws/install/kuka_kr6_support/bin'
[1.306s] Level 1:colcon.colcon_core.environment:checking '/root/taller1/ros2_ws/install/kuka_kr6_support/lib/pkgconfig/kuka_kr6_support.pc'
[1.307s] Level 1:colcon.colcon_core.environment:checking '/root/taller1/ros2_ws/install/kuka_kr6_support/lib/python3.10/site-packages'
[1.307s] Level 1:colcon.colcon_core.environment:checking '/root/taller1/ros2_ws/install/kuka_kr6_support/bin'
[1.307s] INFO:colcon.colcon_core.shell:Creating package script '/root/taller1/ros2_ws/install/kuka_kr6_support/share/kuka_kr6_support/package.ps1'
[1.308s] INFO:colcon.colcon_core.shell:Creating package descriptor '/root/taller1/ros2_ws/install/kuka_kr6_support/share/kuka_kr6_support/package.dsv'
[1.308s] INFO:colcon.colcon_core.shell:Creating package script '/root/taller1/ros2_ws/install/kuka_kr6_support/share/kuka_kr6_support/package.sh'
[1.308s] INFO:colcon.colcon_core.shell:Creating package script '/root/taller1/ros2_ws/install/kuka_kr6_support/share/kuka_kr6_support/package.bash'
[1.309s] INFO:colcon.colcon_core.shell:Creating package script '/root/taller1/ros2_ws/install/kuka_kr6_support/share/kuka_kr6_support/package.zsh'
[1.309s] Level 1:colcon.colcon_core.environment:create_file_with_runtime_dependencies(/root/taller1/ros2_ws/install/kuka_kr6_support/share/colcon-core/packages/kuka_kr6_support)
[1.309s] Level 1:colcon.colcon_core.environment:create_environment_scripts_only(kuka_kr6_support)
[1.309s] Level 1:colcon.colcon_core.environment:checking '/root/taller1/ros2_ws/install/kuka_kr6_support' for CMake module files
[1.310s] Level 1:colcon.colcon_core.environment:checking '/root/taller1/ros2_ws/install/kuka_kr6_support' for CMake config files
[1.310s] Level 1:colcon.colcon_core.shell:create_environment_hook('kuka_kr6_support', 'cmake_prefix_path')
[1.310s] INFO:colcon.colcon_core.shell:Creating environment hook '/root/taller1/ros2_ws/install/kuka_kr6_support/share/kuka_kr6_support/hook/cmake_prefix_path.ps1'
[1.311s] INFO:colcon.colcon_core.shell:Creating environment descriptor '/root/taller1/ros2_ws/install/kuka_kr6_support/share/kuka_kr6_support/hook/cmake_prefix_path.dsv'
[1.311s] INFO:colcon.colcon_core.shell:Creating environment hook '/root/taller1/ros2_ws/install/kuka_kr6_support/share/kuka_kr6_support/hook/cmake_prefix_path.sh'
[1.311s] Level 1:colcon.colcon_core.environment:checking '/root/taller1/ros2_ws/install/kuka_kr6_support/bin'
[1.311s] Level 1:colcon.colcon_core.environment:checking '/root/taller1/ros2_ws/install/kuka_kr6_support/lib/pkgconfig/kuka_kr6_support.pc'
[1.312s] Level 1:colcon.colcon_core.environment:checking '/root/taller1/ros2_ws/install/kuka_kr6_support/lib/python3.10/site-packages'
[1.312s] Level 1:colcon.colcon_core.environment:checking '/root/taller1/ros2_ws/install/kuka_kr6_support/bin'
[1.312s] INFO:colcon.colcon_core.shell:Creating package script '/root/taller1/ros2_ws/install/kuka_kr6_support/share/kuka_kr6_support/package.ps1'
[1.312s] INFO:colcon.colcon_core.shell:Creating package descriptor '/root/taller1/ros2_ws/install/kuka_kr6_support/share/kuka_kr6_support/package.dsv'
[1.313s] INFO:colcon.colcon_core.shell:Creating package script '/root/taller1/ros2_ws/install/kuka_kr6_support/share/kuka_kr6_support/package.sh'
[1.313s] INFO:colcon.colcon_core.shell:Creating package script '/root/taller1/ros2_ws/install/kuka_kr6_support/share/kuka_kr6_support/package.bash'
[1.313s] INFO:colcon.colcon_core.shell:Creating package script '/root/taller1/ros2_ws/install/kuka_kr6_support/share/kuka_kr6_support/package.zsh'
[1.314s] Level 1:colcon.colcon_core.environment:create_file_with_runtime_dependencies(/root/taller1/ros2_ws/install/kuka_kr6_support/share/colcon-core/packages/kuka_kr6_support)
[1.314s] DEBUG:colcon.colcon_parallel_executor.executor.parallel:closing loop
[1.314s] DEBUG:colcon.colcon_parallel_executor.executor.parallel:loop closed
[1.314s] DEBUG:colcon.colcon_parallel_executor.executor.parallel:run_until_complete finished with '0'
[1.314s] DEBUG:colcon.colcon_core.event_reactor:joining thread
[1.328s] INFO:colcon.colcon_core.plugin_system:Skipping extension 'colcon_notification.desktop_notification.notify_send': Could not find 'notify-send'
[1.328s] INFO:colcon.colcon_core.plugin_system:Skipping extension 'colcon_notification.desktop_notification.terminal_notifier': Not used on non-Darwin systems
[1.328s] INFO:colcon.colcon_core.plugin_system:Skipping extension 'colcon_notification.desktop_notification.win32': Not used on non-Windows systems
[1.328s] INFO:colcon.colcon_notification.desktop_notification:Sending desktop notification using 'notify2'
[1.331s] DEBUG:colcon.colcon_notification.desktop_notification.notify2:Failed to initialize notify2: org.freedesktop.DBus.Error.Spawn.ExecFailed: /usr/bin/dbus-launch terminated abnormally without any error message
[1.331s] DEBUG:colcon.colcon_core.event_reactor:joined thread
[1.332s] INFO:colcon.colcon_core.shell:Creating prefix script '/root/taller1/ros2_ws/install/local_setup.ps1'
[1.333s] INFO:colcon.colcon_core.shell:Creating prefix util module '/root/taller1/ros2_ws/install/_local_setup_util_ps1.py'
[1.334s] INFO:colcon.colcon_core.shell:Creating prefix chain script '/root/taller1/ros2_ws/install/setup.ps1'
[1.335s] INFO:colcon.colcon_core.shell:Creating prefix script '/root/taller1/ros2_ws/install/local_setup.sh'
[1.336s] INFO:colcon.colcon_core.shell:Creating prefix util module '/root/taller1/ros2_ws/install/_local_setup_util_sh.py'
[1.336s] INFO:colcon.colcon_core.shell:Creating prefix chain script '/root/taller1/ros2_ws/install/setup.sh'
[1.337s] INFO:colcon.colcon_core.shell:Creating prefix script '/root/taller1/ros2_ws/install/local_setup.bash'
[1.337s] INFO:colcon.colcon_core.shell:Creating prefix chain script '/root/taller1/ros2_ws/install/setup.bash'
[1.338s] INFO:colcon.colcon_core.shell:Creating prefix script '/root/taller1/ros2_ws/install/local_setup.zsh'
[1.338s] INFO:colcon.colcon_core.shell:Creating prefix chain script '/root/taller1/ros2_ws/install/setup.zsh'
