[0.012s] Invoking command in '/root/taller1/ros2_ws/build/kuka_resources': CMAKE_PREFIX_PATH=${CMAKE_PREFIX_PATH}:/opt/ros/humble /usr/bin/cmake /root/taller1/ros2_ws/src/kuka_resources -DAMENT_CMAKE_SYMLINK_INSTALL=1 -DCMAKE_INSTALL_PREFIX=/root/taller1/ros2_ws/install/kuka_resources
[0.064s] -- The C compiler identification is GNU 11.4.0
[0.115s] -- The CXX compiler identification is GNU 11.4.0
[0.123s] -- Detecting C compiler ABI info
[0.191s] -- Detecting C compiler ABI info - done
[0.197s] -- Check for working C compiler: /usr/bin/cc - skipped
[0.197s] -- Detecting C compile features
[0.197s] -- Detecting C compile features - done
[0.200s] -- Detecting CXX compiler ABI info
[0.278s] -- Detecting CXX compiler ABI info - done
[0.284s] -- Check for working CXX compiler: /usr/bin/c++ - skipped
[0.284s] -- Detecting CXX compile features
[0.284s] -- Detecting CXX compile features - done
[0.286s] -- Found ament_cmake: 1.3.14 (/opt/ros/humble/share/ament_cmake/cmake)
[0.416s] -- Found Python3: /usr/bin/python3 (found version "3.10.12") found components: Interpreter 
[0.471s] -- Override CMake install command with custom implementation using symlinks instead of copying resources
[0.555s] -- Configuring done
[0.558s] -- Generating done
[0.560s] -- Build files have been written to: /root/taller1/ros2_ws/build/kuka_resources
[0.570s] Invoked command in '/root/taller1/ros2_ws/build/kuka_resources' returned '0': CMAKE_PREFIX_PATH=${CMAKE_PREFIX_PATH}:/opt/ros/humble /usr/bin/cmake /root/taller1/ros2_ws/src/kuka_resources -DAMENT_CMAKE_SYMLINK_INSTALL=1 -DCMAKE_INSTALL_PREFIX=/root/taller1/ros2_ws/install/kuka_resources
[0.570s] Invoking command in '/root/taller1/ros2_ws/build/kuka_resources': CMAKE_PREFIX_PATH=${CMAKE_PREFIX_PATH}:/opt/ros/humble /usr/bin/cmake --build /root/taller1/ros2_ws/build/kuka_resources -- -j12 -l12
[0.608s] Invoked command in '/root/taller1/ros2_ws/build/kuka_resources' returned '0': CMAKE_PREFIX_PATH=${CMAKE_PREFIX_PATH}:/opt/ros/humble /usr/bin/cmake --build /root/taller1/ros2_ws/build/kuka_resources -- -j12 -l12
[0.620s] Invoking command in '/root/taller1/ros2_ws/build/kuka_resources': CMAKE_PREFIX_PATH=${CMAKE_PREFIX_PATH}:/opt/ros/humble /usr/bin/cmake --install /root/taller1/ros2_ws/build/kuka_resources
[0.628s] -- Install configuration: ""
[0.628s] -- Execute custom install script
[0.628s] -- Symlinking: /root/taller1/ros2_ws/install/kuka_resources/share/kuka_resources/urdf/common_colours.xacro
[0.638s] -- Symlinking: /root/taller1/ros2_ws/install/kuka_resources/share/kuka_resources/urdf/common_constants.xacro
[0.647s] -- Symlinking: /root/taller1/ros2_ws/install/kuka_resources/share/kuka_resources/urdf/common_materials.xacro
[0.656s] -- Symlinking: /root/taller1/ros2_ws/install/kuka_resources/share/ament_index/resource_index/package_run_dependencies/kuka_resources
[0.665s] -- Symlinking: /root/taller1/ros2_ws/install/kuka_resources/share/ament_index/resource_index/parent_prefix_path/kuka_resources
[0.674s] -- Symlinking: /root/taller1/ros2_ws/install/kuka_resources/share/kuka_resources/environment/ament_prefix_path.sh
[0.683s] -- Symlinking: /root/taller1/ros2_ws/install/kuka_resources/share/kuka_resources/environment/ament_prefix_path.dsv
[0.692s] -- Symlinking: /root/taller1/ros2_ws/install/kuka_resources/share/kuka_resources/environment/path.sh
[0.702s] -- Symlinking: /root/taller1/ros2_ws/install/kuka_resources/share/kuka_resources/environment/path.dsv
[0.712s] -- Symlinking: /root/taller1/ros2_ws/install/kuka_resources/share/kuka_resources/local_setup.bash
[0.720s] -- Symlinking: /root/taller1/ros2_ws/install/kuka_resources/share/kuka_resources/local_setup.sh
[0.730s] -- Symlinking: /root/taller1/ros2_ws/install/kuka_resources/share/kuka_resources/local_setup.zsh
[0.739s] -- Symlinking: /root/taller1/ros2_ws/install/kuka_resources/share/kuka_resources/local_setup.dsv
[0.749s] -- Symlinking: /root/taller1/ros2_ws/install/kuka_resources/share/kuka_resources/package.dsv
[0.758s] -- Symlinking: /root/taller1/ros2_ws/install/kuka_resources/share/ament_index/resource_index/packages/kuka_resources
[0.768s] -- Symlinking: /root/taller1/ros2_ws/install/kuka_resources/share/kuka_resources/cmake/kuka_resourcesConfig.cmake
[0.777s] -- Symlinking: /root/taller1/ros2_ws/install/kuka_resources/share/kuka_resources/cmake/kuka_resourcesConfig-version.cmake
[0.787s] -- Symlinking: /root/taller1/ros2_ws/install/kuka_resources/share/kuka_resources/package.xml
[0.799s] Invoked command in '/root/taller1/ros2_ws/build/kuka_resources' returned '0': CMAKE_PREFIX_PATH=${CMAKE_PREFIX_PATH}:/opt/ros/humble /usr/bin/cmake --install /root/taller1/ros2_ws/build/kuka_resources
